[INFO] Scanning for projects...
[INFO] 
[INFO] -----------------------< com.example:whitelabel >-----------------------
[INFO] Building whitelabel 0.0.1-SNAPSHOT
[INFO]   from pom.xml
[INFO] --------------------------------[ jar ]---------------------------------
[INFO] 
[INFO] >>> spring-boot:3.3.0:run (default-cli) > test-compile @ whitelabel >>>
[INFO] 
[INFO] --- resources:3.3.1:resources (default-resources) @ whitelabel ---
[INFO] Copying 1 resource from src\main\resources to target\classes
[INFO] Copying 9 resources from src\main\resources to target\classes
[INFO] 
[INFO] --- compiler:3.13.0:compile (default-compile) @ whitelabel ---
[INFO] Nothing to compile - all classes are up to date.
[INFO] 
[INFO] --- resources:3.3.1:testResources (default-testResources) @ whitelabel ---
[INFO] skip non existing resourceDirectory C:\Users\muril\OneDrive\Documentos\Prog WEB\src\test\resources
[INFO] 
[INFO] --- compiler:3.13.0:testCompile (default-testCompile) @ whitelabel ---
[INFO] No sources to compile
[INFO] 
[INFO] <<< spring-boot:3.3.0:run (default-cli) < test-compile @ whitelabel <<<
[INFO] 
[INFO] 
[INFO] --- spring-boot:3.3.0:run (default-cli) @ whitelabel ---
[INFO] Attaching agents: []
  .   ____          _            __ _ _
 /\\ / ___'_ __ _ _(_)_ __  __ _ \ \ \ \
( ( )\___ | '_ | '_| | '_ \/ _` | \ \ \ \
 \\/  ___)| |_)| | | | | || (_| |  ) ) ) )
  '  |____| .__|_| |_|_| |_\__, | / / / /
 =========|_|==============|___/=/_/_/_/

 :: Spring Boot ::                (v3.3.0)

2025-11-24T20:33:31.009-04:00  INFO 23976 --- [           main] c.e.whitelabel.WhiteLabelApplication     : Starting WhiteLabelApplication using Java 17.0.17 with PID 23976 (C:\Users\muril\OneDrive\Documentos\Prog WEB\target\classes started by muril in C:\Users\muril\OneDrive\Documentos\Prog WEB)
2025-11-24T20:33:31.012-04:00  INFO 23976 --- [           main] c.e.whitelabel.WhiteLabelApplication     : No active profile set, falling back to 1 default profile: "default"
2025-11-24T20:33:31.772-04:00  INFO 23976 --- [           main] o.s.b.w.embedded.tomcat.TomcatWebServer  : Tomcat initialized with port 8081 (http)
2025-11-24T20:33:31.792-04:00  INFO 23976 --- [           main] o.apache.catalina.core.StandardService   : Starting service [Tomcat]
2025-11-24T20:33:31.792-04:00  INFO 23976 --- [           main] o.apache.catalina.core.StandardEngine    : Starting Servlet engine: [Apache Tomcat/10.1.24]
2025-11-24T20:33:31.837-04:00  INFO 23976 --- [           main] o.a.c.c.C.[Tomcat].[localhost].[/]       : Initializing Spring embedded WebApplicationContext
2025-11-24T20:33:31.838-04:00  INFO 23976 --- [           main] w.s.c.ServletWebServerApplicationContext : Root WebApplicationContext: initialization completed in 790 ms
2025-11-24T20:33:32.039-04:00  INFO 23976 --- [           main] o.s.b.a.w.s.WelcomePageHandlerMapping    : Adding welcome page template: index
2025-11-24T20:33:32.221-04:00  INFO 23976 --- [           main] o.s.b.w.embedded.tomcat.TomcatWebServer  : Tomcat started on port 8081 (http) with context path '/'
2025-11-24T20:33:32.230-04:00  INFO 23976 --- [           main] c.e.whitelabel.WhiteLabelApplication     : Started WhiteLabelApplication in 1.52 seconds (process running for 1.761)
2025-11-24T20:33:36.719-04:00  INFO 23976 --- [nio-8081-exec-1] o.a.c.c.C.[Tomcat].[localhost].[/]       : Initializing Spring DispatcherServlet 'dispatcherServlet'
2025-11-24T20:33:36.730-04:00  INFO 23976 --- [nio-8081-exec-1] o.s.web.servlet.DispatcherServlet        : Initializing Servlet 'dispatcherServlet'
2025-11-24T20:33:36.731-04:00  INFO 23976 --- [nio-8081-exec-1] o.s.web.servlet.DispatcherServlet        : Completed initialization in 1 ms
[INFO] ------------------------------------------------------------------------
[INFO] BUILD FAILURE
[INFO] ------------------------------------------------------------------------
[INFO] Total time:  18.048 s
[INFO] Finished at: 2025-11-24T20:33:46-04:00
[INFO] ------------------------------------------------------------------------
[ERROR] Failed to execute goal org.springframework.boot:spring-boot-maven-plugin:3.3.0:run (default-cli) on project whitelabel: Process terminated with exit code: -1 -> [Help 1]
[ERROR] 
[ERROR] To see the full stack trace of the errors, re-run Maven with the -e switch.
[ERROR] Re-run Maven using the -X switch to enable full debug logging.
[ERROR] 
[ERROR] For more information about the errors and possible solutions, please read the following articles:
[ERROR] [Help 1] http://cwiki.apache.org/confluence/display/MAVEN/MojoExecutionException
